<?xml version="1.0" encoding="UTF-8"?>
<!-- Generated by org.testng.reporters.JUnitReportReporter -->
<testsuite hostname="DESKTOP-G0RFRF4" failures="0" tests="1" name="testcl1.firstTest" time="5.559" errors="0" timestamp="2024-02-10T15:27:21 IST" skipped="0">
  <testcase classname="testcl1.firstTest" name="lauchbrowser" time="5.559"/>
  <system-out/>
</testsuite> <!-- testcl1.firstTest -->
